Performing C SOURCE FILE Test CMAKE_HAVE_LIBC_PTHREAD failed with the following output:
Change Dir: /media/mattiascarpa/Archivio/Programming_Workspace/OpenCV_cpp/Computer Vision 1 - Introduction/Project 1/Blemish Removal/CMakeFiles/CMakeTmp

Run Build Command(s):/usr/bin/make cmTC_c69c8/fast && /usr/bin/make -f CMakeFiles/cmTC_c69c8.dir/build.make CMakeFiles/cmTC_c69c8.dir/build
make[1]: Entering directory '/media/mattiascarpa/Archivio/Programming_Workspace/OpenCV_cpp/Computer Vision 1 - Introduction/Project 1/Blemish Removal/CMakeFiles/CMakeTmp'
Building C object CMakeFiles/cmTC_c69c8.dir/src.c.o
/usr/bin/cc   -fPIC -DCMAKE_HAVE_LIBC_PTHREAD   -o CMakeFiles/cmTC_c69c8.dir/src.c.o   -c "/media/mattiascarpa/Archivio/Programming_Workspace/OpenCV_cpp/Computer Vision 1 - Introduction/Project 1/Blemish Removal/CMakeFiles/CMakeTmp/src.c"
Linking C executable cmTC_c69c8
/usr/bin/cmake -E cmake_link_script CMakeFiles/cmTC_c69c8.dir/link.txt --verbose=1
/usr/bin/cc -fPIC -DCMAKE_HAVE_LIBC_PTHREAD    -rdynamic CMakeFiles/cmTC_c69c8.dir/src.c.o  -o cmTC_c69c8 
/usr/bin/ld: CMakeFiles/cmTC_c69c8.dir/src.c.o: in function `main':
src.c:(.text+0x46): undefined reference to `pthread_create'
/usr/bin/ld: src.c:(.text+0x52): undefined reference to `pthread_detach'
/usr/bin/ld: src.c:(.text+0x63): undefined reference to `pthread_join'
collect2: error: ld returned 1 exit status
make[1]: *** [CMakeFiles/cmTC_c69c8.dir/build.make:87: cmTC_c69c8] Error 1
make[1]: Leaving directory '/media/mattiascarpa/Archivio/Programming_Workspace/OpenCV_cpp/Computer Vision 1 - Introduction/Project 1/Blemish Removal/CMakeFiles/CMakeTmp'
make: *** [Makefile:121: cmTC_c69c8/fast] Error 2


Source file was:
#include <pthread.h>

void* test_func(void* data)
{
  return data;
}

int main(void)
{
  pthread_t thread;
  pthread_create(&thread, NULL, test_func, NULL);
  pthread_detach(thread);
  pthread_join(thread, NULL);
  pthread_atfork(NULL, NULL, NULL);
  pthread_exit(NULL);

  return 0;
}

Determining if the function pthread_create exists in the pthreads failed with the following output:
Change Dir: /media/mattiascarpa/Archivio/Programming_Workspace/OpenCV_cpp/Computer Vision 1 - Introduction/Project 1/Blemish Removal/CMakeFiles/CMakeTmp

Run Build Command(s):/usr/bin/make cmTC_59b80/fast && /usr/bin/make -f CMakeFiles/cmTC_59b80.dir/build.make CMakeFiles/cmTC_59b80.dir/build
make[1]: Entering directory '/media/mattiascarpa/Archivio/Programming_Workspace/OpenCV_cpp/Computer Vision 1 - Introduction/Project 1/Blemish Removal/CMakeFiles/CMakeTmp'
Building C object CMakeFiles/cmTC_59b80.dir/CheckFunctionExists.c.o
/usr/bin/cc   -fPIC -DCHECK_FUNCTION_EXISTS=pthread_create   -o CMakeFiles/cmTC_59b80.dir/CheckFunctionExists.c.o   -c /usr/share/cmake-3.16/Modules/CheckFunctionExists.c
Linking C executable cmTC_59b80
/usr/bin/cmake -E cmake_link_script CMakeFiles/cmTC_59b80.dir/link.txt --verbose=1
/usr/bin/cc -fPIC -DCHECK_FUNCTION_EXISTS=pthread_create    -rdynamic CMakeFiles/cmTC_59b80.dir/CheckFunctionExists.c.o  -o cmTC_59b80  -lpthreads 
/usr/bin/ld: cannot find -lpthreads
collect2: error: ld returned 1 exit status
make[1]: *** [CMakeFiles/cmTC_59b80.dir/build.make:87: cmTC_59b80] Error 1
make[1]: Leaving directory '/media/mattiascarpa/Archivio/Programming_Workspace/OpenCV_cpp/Computer Vision 1 - Introduction/Project 1/Blemish Removal/CMakeFiles/CMakeTmp'
make: *** [Makefile:121: cmTC_59b80/fast] Error 2



Performing C SOURCE FILE Test CMAKE_HAVE_LIBC_PTHREAD failed with the following output:
Change Dir: /media/mattiascarpa/Archivio/Programming_Workspace/OpenCV_cpp/Computer Vision 1 - Introduction/Project 1/Blemish Removal/CMakeFiles/CMakeTmp

Run Build Command(s):/usr/bin/make cmTC_cf308/fast && /usr/bin/make -f CMakeFiles/cmTC_cf308.dir/build.make CMakeFiles/cmTC_cf308.dir/build
make[1]: Entering directory '/media/mattiascarpa/Archivio/Programming_Workspace/OpenCV_cpp/Computer Vision 1 - Introduction/Project 1/Blemish Removal/CMakeFiles/CMakeTmp'
Building C object CMakeFiles/cmTC_cf308.dir/src.c.o
/usr/bin/cc   -fPIC -DCMAKE_HAVE_LIBC_PTHREAD   -o CMakeFiles/cmTC_cf308.dir/src.c.o   -c "/media/mattiascarpa/Archivio/Programming_Workspace/OpenCV_cpp/Computer Vision 1 - Introduction/Project 1/Blemish Removal/CMakeFiles/CMakeTmp/src.c"
Linking C executable cmTC_cf308
/usr/bin/cmake -E cmake_link_script CMakeFiles/cmTC_cf308.dir/link.txt --verbose=1
/usr/bin/cc -fPIC -DCMAKE_HAVE_LIBC_PTHREAD    -rdynamic CMakeFiles/cmTC_cf308.dir/src.c.o  -o cmTC_cf308 
/usr/bin/ld: CMakeFiles/cmTC_cf308.dir/src.c.o: in function `main':
src.c:(.text+0x46): undefined reference to `pthread_create'
/usr/bin/ld: src.c:(.text+0x52): undefined reference to `pthread_detach'
/usr/bin/ld: src.c:(.text+0x63): undefined reference to `pthread_join'
collect2: error: ld returned 1 exit status
make[1]: *** [CMakeFiles/cmTC_cf308.dir/build.make:87: cmTC_cf308] Error 1
make[1]: Leaving directory '/media/mattiascarpa/Archivio/Programming_Workspace/OpenCV_cpp/Computer Vision 1 - Introduction/Project 1/Blemish Removal/CMakeFiles/CMakeTmp'
make: *** [Makefile:121: cmTC_cf308/fast] Error 2


Source file was:
#include <pthread.h>

void* test_func(void* data)
{
  return data;
}

int main(void)
{
  pthread_t thread;
  pthread_create(&thread, NULL, test_func, NULL);
  pthread_detach(thread);
  pthread_join(thread, NULL);
  pthread_atfork(NULL, NULL, NULL);
  pthread_exit(NULL);

  return 0;
}

Determining if the function pthread_create exists in the pthreads failed with the following output:
Change Dir: /media/mattiascarpa/Archivio/Programming_Workspace/OpenCV_cpp/Computer Vision 1 - Introduction/Project 1/Blemish Removal/CMakeFiles/CMakeTmp

Run Build Command(s):/usr/bin/make cmTC_59d5a/fast && /usr/bin/make -f CMakeFiles/cmTC_59d5a.dir/build.make CMakeFiles/cmTC_59d5a.dir/build
make[1]: Entering directory '/media/mattiascarpa/Archivio/Programming_Workspace/OpenCV_cpp/Computer Vision 1 - Introduction/Project 1/Blemish Removal/CMakeFiles/CMakeTmp'
Building C object CMakeFiles/cmTC_59d5a.dir/CheckFunctionExists.c.o
/usr/bin/cc   -fPIC -DCHECK_FUNCTION_EXISTS=pthread_create   -o CMakeFiles/cmTC_59d5a.dir/CheckFunctionExists.c.o   -c /usr/share/cmake-3.16/Modules/CheckFunctionExists.c
Linking C executable cmTC_59d5a
/usr/bin/cmake -E cmake_link_script CMakeFiles/cmTC_59d5a.dir/link.txt --verbose=1
/usr/bin/cc -fPIC -DCHECK_FUNCTION_EXISTS=pthread_create    -rdynamic CMakeFiles/cmTC_59d5a.dir/CheckFunctionExists.c.o  -o cmTC_59d5a  -lpthreads 
/usr/bin/ld: cannot find -lpthreads
collect2: error: ld returned 1 exit status
make[1]: *** [CMakeFiles/cmTC_59d5a.dir/build.make:87: cmTC_59d5a] Error 1
make[1]: Leaving directory '/media/mattiascarpa/Archivio/Programming_Workspace/OpenCV_cpp/Computer Vision 1 - Introduction/Project 1/Blemish Removal/CMakeFiles/CMakeTmp'
make: *** [Makefile:121: cmTC_59d5a/fast] Error 2



